<?xml version="1.0" encoding="UTF-8"?>
<!-- Generated by org.testng.reporters.JUnitReportReporter -->
<testsuite hostname="DEEPIKAPATIL" failures="0" tests="1" name="com.qa.gorest.testes.GetUserTest" time="2.167" errors="0" timestamp="2024-10-04T04:05:07 IST" skipped="0">
  <testcase classname="com.qa.gorest.testes.GetUserTest" name="getUserSpecificaTest" time="2.167"/>
</testsuite> <!-- com.qa.gorest.testes.GetUserTest -->
